<?xml version="1.0" encoding="UTF-8"?>
<robot generator="Robot 6.0.2 (Python 3.11.0 on win32)" generated="20240326 21:58:42.801" rpa="false" schemaversion="3">
<suite id="s1" name="CriacaoDeConta" source="c:\Automacao-RobotFramework\tests\CriacaoDeConta.robot">
<test id="s1-t1" name=" Cenário 2: Criação de conta com email invalido" line="20">
<kw name="Dado que acesso a tela de login do site" library="Home">
<kw name="Acessar site" library="Home">
<kw name="Open Browser" library="SeleniumLibrary">
<arg>browser=${BROWSER}</arg>
<doc>Opens a new browser instance to the optional ``url``.</doc>
<msg timestamp="20240326 21:58:45.008" level="INFO">Opening browser 'chrome' to base url 'None'.</msg>
<status status="PASS" starttime="20240326 21:58:45.007" endtime="20240326 21:58:46.493"/>
</kw>
<kw name="Maximize Browser Window" library="SeleniumLibrary">
<doc>Maximizes current browser window.</doc>
<status status="PASS" starttime="20240326 21:58:46.494" endtime="20240326 21:58:46.687"/>
</kw>
<kw name="Go To" library="SeleniumLibrary">
<arg>${URL_SITE}</arg>
<doc>Navigates the current browser window to the provided ``url``.</doc>
<msg timestamp="20240326 21:58:46.690" level="INFO">Opening url 'http://www.automationpractice.pl/index.php'</msg>
<status status="PASS" starttime="20240326 21:58:46.689" endtime="20240326 21:58:53.018"/>
</kw>
<kw name="Title Should Be" library="SeleniumLibrary">
<arg>${HOME_TITLE_SITE}</arg>
<doc>Verifies that the current page title equals ``title``.</doc>
<msg timestamp="20240326 21:58:53.032" level="INFO">Page title is 'My Shop'.</msg>
<status status="PASS" starttime="20240326 21:58:53.019" endtime="20240326 21:58:53.033"/>
</kw>
<status status="PASS" starttime="20240326 21:58:45.005" endtime="20240326 21:58:53.034"/>
</kw>
<kw name="Acessar tela de login" library="Home">
<kw name="Click Element" library="SeleniumLibrary">
<arg>${HOME_MENU_LOGIN}</arg>
<doc>Click the element identified by ``locator``.</doc>
<msg timestamp="20240326 21:58:53.039" level="INFO">Clicking element 'class: login'.</msg>
<status status="PASS" starttime="20240326 21:58:53.035" endtime="20240326 21:58:54.234"/>
</kw>
<status status="PASS" starttime="20240326 21:58:53.034" endtime="20240326 21:58:54.234"/>
</kw>
<status status="PASS" starttime="20240326 21:58:45.005" endtime="20240326 21:58:54.234"/>
</kw>
<kw name="Casdastrar um novo e-mail" library="Login">
<arg>macelalima.com.br</arg>
<kw name="Validar titulo da tela login" library="Login">
<kw name="Title Should Be" library="SeleniumLibrary">
<arg>${LOGIN_TITLE_LOGIN}</arg>
<doc>Verifies that the current page title equals ``title``.</doc>
<msg timestamp="20240326 21:58:54.250" level="INFO">Page title is 'Login - My Shop'.</msg>
<status status="PASS" starttime="20240326 21:58:54.237" endtime="20240326 21:58:54.252"/>
</kw>
<kw name="Wait Until Element Is Visible" library="SeleniumLibrary">
<arg>${LOGIN_ELEMENT_H1_AUTHENTICATION}</arg>
<doc>Waits until the element ``locator`` is visible.</doc>
<status status="PASS" starttime="20240326 21:58:54.252" endtime="20240326 21:58:54.318"/>
</kw>
<status status="PASS" starttime="20240326 21:58:54.236" endtime="20240326 21:58:54.319"/>
</kw>
<kw name="Element Should Be Visible" library="SeleniumLibrary">
<arg>${LOGIN_ELEMENT_H3_CREATE_AN_ACCOUNT}</arg>
<doc>Verifies that the element identified by ``locator`` is visible.</doc>
<msg timestamp="20240326 21:58:54.393" level="INFO">Element 'xpath: //h3[contains(.,'Create an account')]' is displayed.</msg>
<status status="PASS" starttime="20240326 21:58:54.323" endtime="20240326 21:58:54.394"/>
</kw>
<kw name="Input Text" library="SeleniumLibrary">
<arg>${LOGIN_INPUT_EMAIL_CREATE}</arg>
<arg>${txt_email}</arg>
<doc>Types the given ``text`` into the text field identified by ``locator``.</doc>
<msg timestamp="20240326 21:58:54.395" level="INFO">Typing text 'macelalima.com.br' into text field 'id: email_create'.</msg>
<status status="PASS" starttime="20240326 21:58:54.394" endtime="20240326 21:58:54.606"/>
</kw>
<kw name="Set Test Variable" library="BuiltIn">
<arg>${login_email-create}</arg>
<arg>${txt_email}</arg>
<doc>Makes a variable available everywhere within the scope of the current test.</doc>
<msg timestamp="20240326 21:58:54.610" level="INFO">${login_email-create} = macelalima.com.br</msg>
<status status="PASS" starttime="20240326 21:58:54.607" endtime="20240326 21:58:54.610"/>
</kw>
<kw name="Press Keys" library="SeleniumLibrary">
<arg>${LOGIN_INPUT_EMAIL_CREATE}</arg>
<arg>TAB</arg>
<doc>Simulates the user pressing key(s) to an element or on the active browser.</doc>
<msg timestamp="20240326 21:58:54.612" level="INFO">Sending key(s) ('TAB',) to id: email_create element.</msg>
<msg timestamp="20240326 21:58:54.972" level="INFO">Pressing special key TAB to element.</msg>
<msg timestamp="20240326 21:58:54.972" level="INFO">Releasing special key TAB.</msg>
<status status="PASS" starttime="20240326 21:58:54.611" endtime="20240326 21:58:54.994"/>
</kw>
<kw name="Log To Console" library="BuiltIn">
<arg>---- ${txt_email}</arg>
<doc>Logs the given message to the console.</doc>
<status status="PASS" starttime="20240326 21:58:54.995" endtime="20240326 21:58:54.996"/>
</kw>
<status status="PASS" starttime="20240326 21:58:54.235" endtime="20240326 21:58:54.997"/>
</kw>
<kw name="Validar campo de email" library="Login">
<arg>error</arg>
<kw name="Element Should Be Visible" library="SeleniumLibrary">
<arg>${LOGIN_ELEMENT_VALIDATION_FIELD_EMAIl}${status}</arg>
<doc>Verifies that the element identified by ``locator`` is visible.</doc>
<msg timestamp="20240326 21:58:55.031" level="INFO">Element 'class: form-group.form-error' is displayed.</msg>
<status status="PASS" starttime="20240326 21:58:54.998" endtime="20240326 21:58:55.031"/>
</kw>
<status status="PASS" starttime="20240326 21:58:54.997" endtime="20240326 21:58:55.032"/>
</kw>
<kw name="Clicar em &quot;Create an account&quot;" library="Login">
<kw name="Click Button" library="SeleniumLibrary">
<arg>${LOGIN_BTN_CREATE_ACCOUNT}</arg>
<doc>Clicks the button identified by ``locator``.</doc>
<msg timestamp="20240326 21:58:55.042" level="INFO">Clicking button 'id: SubmitCreate'.</msg>
<status status="PASS" starttime="20240326 21:58:55.041" endtime="20240326 21:58:55.267"/>
</kw>
<status status="PASS" starttime="20240326 21:58:55.039" endtime="20240326 21:58:55.267"/>
</kw>
<kw name="Validar mensagem de erro no e-mail cadastrado" library="Login">
<arg>Invalid email address.</arg>
<kw name="Wait Until Element Is Visible" library="SeleniumLibrary">
<arg>${LOGIN_ELEMENT_ALERT_CREATE_ACCOUNT_ERRO}</arg>
<doc>Waits until the element ``locator`` is visible.</doc>
<status status="PASS" starttime="20240326 21:58:55.268" endtime="20240326 21:58:55.759"/>
</kw>
<kw name="Element Text Should Be" library="SeleniumLibrary">
<arg>${LOGIN_ELEMENT_ALERT_CREATE_ACCOUNT_ERRO}</arg>
<arg>${txt_alert_erro_email}</arg>
<doc>Verifies that element ``locator`` contains exact the text ``expected``.</doc>
<msg timestamp="20240326 21:58:55.761" level="INFO">Verifying element 'id: create_account_error' contains exact text 'Invalid email address.'.</msg>
<status status="PASS" starttime="20240326 21:58:55.759" endtime="20240326 21:58:55.790"/>
</kw>
<status status="PASS" starttime="20240326 21:58:55.268" endtime="20240326 21:58:55.791"/>
</kw>
<kw name="Print" library="Base" type="TEARDOWN">
<kw name="Capture Page Screenshot" library="SeleniumLibrary">
<doc>Takes a screenshot of the current page and embeds it into a log file.</doc>
<msg timestamp="20240326 21:58:55.999" level="INFO" html="true">&lt;/td&gt;&lt;/tr&gt;&lt;tr&gt;&lt;td colspan="3"&gt;&lt;a href="selenium-screenshot-2.png"&gt;&lt;img src="selenium-screenshot-2.png" width="800px"&gt;&lt;/a&gt;</msg>
<status status="PASS" starttime="20240326 21:58:55.792" endtime="20240326 21:58:56.000"/>
</kw>
<status status="PASS" starttime="20240326 21:58:55.792" endtime="20240326 21:58:56.001"/>
</kw>
<tag>ERRO</tag>
<status status="PASS" starttime="20240326 21:58:45.003" endtime="20240326 21:58:56.002"/>
</test>
<status status="PASS" starttime="20240326 21:58:42.812" endtime="20240326 21:58:56.006"/>
</suite>
<statistics>
<total>
<stat pass="1" fail="0" skip="0">All Tests</stat>
</total>
<tag>
<stat pass="1" fail="0" skip="0">ERRO</stat>
</tag>
<suite>
<stat pass="1" fail="0" skip="0" id="s1" name="CriacaoDeConta">CriacaoDeConta</stat>
</suite>
</statistics>
<errors>
</errors>
</robot>
